This file contains any messages produced by compilers while
running configure, to aid debugging if configure makes a mistake.

It was created by netCDF configure 3.6.2, which was
generated by GNU Autoconf 2.61.  Invocation command line was

  $ ./configure --enable-c-only

## --------- ##
## Platform. ##
## --------- ##

hostname = maria
uname -m = x86_64
uname -r = 2.6.32-34-generic
uname -s = Linux
uname -v = #77-Ubuntu SMP Tue Sep 13 19:39:17 UTC 2011

/usr/bin/uname -p = unknown
/bin/uname -X     = unknown

/bin/arch              = unknown
/usr/bin/arch -k       = unknown
/usr/convex/getsysinfo = unknown
/usr/bin/hostinfo      = unknown
/bin/machine           = unknown
/usr/bin/oslevel       = unknown
/bin/universe          = unknown

PATH: /usr/local/bin
PATH: /usr/local/mpich2/mpich2-1.4.1p1/include
PATH: /usr/local/mpich2/mpich2-1.4.1p1/lib
PATH: /usr/local/mpich2/mpich2-1.4.1p1/bin
PATH: /opt/intelc/composer_xe_2011_sp1.6.233/bin/intel64
PATH: /opt/intelf/composerxe-2011.4.191/bin/intel64
PATH: /usr/local/sbin
PATH: /usr/local/bin
PATH: /usr/sbin
PATH: /usr/bin
PATH: /sbin
PATH: /bin
PATH: /usr/games
PATH: /usr/local/grads/bin
PATH: /home/rmc/ww3v314/bin
PATH: /home/rmc/ww3v314/exe
PATH: /usr/java/jre1.5.0_22/bin
PATH: /usr/java/jre1.5.0_22
PATH: /usr/java/jre1.5.0_22/lib
PATH: /usr/java/jre1.5.0_22/lib/amd64
PATH: /opt/intelf/bin
PATH: /opt/intelf/lib/intel64
PATH: /opt/intelf/include
PATH: /opt/intelf/composerxe-2011.4.191/mpirt/bin/intel64
PATH: /opt/intelc/bin
PATH: /opt/intelc/lib/intel64
PATH: /opt/intelc/include
PATH: /opt/intelc/composer_xe_2011_sp1.6.233/mpirt/bin/intel64
PATH: /usr/local/knime_2.4.0
PATH: /usr/local/MATLAB/R2010b/bin


## ----------- ##
## Core tests. ##
## ----------- ##

configure:2046: netCDF 3.6.2
configure:2087: checking build system type
configure:2105: result: x86_64-unknown-linux-gnu
configure:2127: checking host system type
configure:2142: result: x86_64-unknown-linux-gnu
configure:2187: checking for a BSD-compatible install
configure:2243: result: /usr/bin/install -c
configure:2254: checking whether build environment is sane
configure:2297: result: yes
configure:2362: checking for gawk
configure:2378: found /usr/bin/gawk
configure:2389: result: gawk
configure:2400: checking whether make sets $(MAKE)
configure:2421: result: yes
configure:2609: checking user options
configure:2653: checking whether CXX is set to ''
configure:2657: result: no
configure:2661: checking whether FC is set to ''
configure:2665: result: no
configure:2669: checking whether F90 is set to ''
configure:2673: result: no
configure:2699: checking whether documentation is to be installed
configure:2707: result: no
configure:2723: checking whether Fortran compiler(s) should be tested during configure
configure:2731: result: yes
configure:2736: checking whether configure should try to set compiler flags
configure:2744: result: yes
configure:2748: checking whether FFIO will be used
configure:2756: result: no
configure:2771: checking whether to skip C++, F77, or F90 APIs if compiler is broken
configure:2779: result: yes
configure:2783: checking whether only the C library is desired
configure:2791: result: yes
configure:2810: checking whether examples should be built
configure:2818: result: no
configure:2832: checking whether F77 API is desired
configure:2841: result: no
configure:2846: checking whether F90 API is desired
configure:2856: result: no
configure:2860: checking whether fortran type sizes should be checked
configure:2868: result: yes
configure:2874: checking whether C API is desired
configure:2882: result: yes
configure:2889: checking where to get netCDF C-only library for separate fortran libraries
configure:2907: result: 
configure:2922: checking whether CXX API is desired
configure:2931: result: no
configure:2935: checking whether v2 netCDF API should be built
configure:2943: result: no
configure:2964: checking whether the ncgen/ncdump should be built
configure:2972: result: no
configure:2986: checking whether large file (> 2GB) tests should be run
configure:2994: result: no
configure:3008: checking whether extreme numbers should be used in tests
configure:3023: result: yes
configure:3037: checking where to put large temp files if large file tests are run
configure:3046: result: .
configure:3057: checking whether a win32 DLL is desired
configure:3065: result: no
configure:3091: checking whether separate fortran libs are desired
configure:3100: result: no
configure:3159: finding C compiler
configure:3216: checking for xlc
configure:3246: result: no
configure:3216: checking for cc
configure:3232: found /usr/bin/cc
configure:3243: result: cc
configure:3279: checking for C compiler version
configure:3286: cc --version >&5
cc (Ubuntu 4.4.3-4ubuntu5) 4.4.3
Copyright (C) 2009 Free Software Foundation, Inc.
This is free software; see the source for copying conditions.  There is NO
warranty; not even for MERCHANTABILITY or FITNESS FOR A PARTICULAR PURPOSE.

configure:3289: $? = 0
configure:3296: cc -v >&5
Using built-in specs.
Target: x86_64-linux-gnu
Configured with: ../src/configure -v --with-pkgversion='Ubuntu 4.4.3-4ubuntu5' --with-bugurl=file:///usr/share/doc/gcc-4.4/README.Bugs --enable-languages=c,c++,fortran,objc,obj-c++ --prefix=/usr --enable-shared --enable-multiarch --enable-linker-build-id --with-system-zlib --libexecdir=/usr/lib --without-included-gettext --enable-threads=posix --with-gxx-include-dir=/usr/include/c++/4.4 --program-suffix=-4.4 --enable-nls --enable-clocale=gnu --enable-libstdcxx-debug --enable-plugin --enable-objc-gc --disable-werror --with-arch-32=i486 --with-tune=generic --enable-checking=release --build=x86_64-linux-gnu --host=x86_64-linux-gnu --target=x86_64-linux-gnu
Thread model: posix
gcc version 4.4.3 (Ubuntu 4.4.3-4ubuntu5) 
configure:3299: $? = 0
configure:3306: cc -V >&5
cc: '-V' option must have argument
configure:3309: $? = 1
configure:3332: checking for C compiler default output file name
configure:3359: cc    conftest.c  >&5
configure:3362: $? = 0
configure:3400: result: a.out
configure:3417: checking whether the C compiler works
configure:3427: ./a.out
configure:3430: $? = 0
configure:3447: result: yes
configure:3454: checking whether we are cross compiling
configure:3456: result: no
configure:3459: checking for suffix of executables
configure:3466: cc -o conftest    conftest.c  >&5
configure:3469: $? = 0
configure:3493: result: 
configure:3499: checking for suffix of object files
configure:3525: cc -c   conftest.c >&5
configure:3528: $? = 0
configure:3551: result: o
configure:3555: checking whether we are using the GNU C compiler
configure:3584: cc -c   conftest.c >&5
configure:3590: $? = 0
configure:3607: result: yes
configure:3612: checking whether cc accepts -g
configure:3642: cc -c -g  conftest.c >&5
configure:3648: $? = 0
configure:3747: result: yes
configure:3764: checking for cc option to accept ISO C89
configure:3838: cc  -c -g -O2  conftest.c >&5
configure:3844: $? = 0
configure:3867: result: none needed
configure:3896: checking for style of include used by make
configure:3924: result: GNU
configure:3952: checking dependency style of cc
configure:4042: result: gcc3
configure:4063: checking whether cc understands -c and -o together
configure:4095: cc -c conftest.c -o conftest2.o >&5
configure:4098: $? = 0
configure:4104: cc -c conftest.c -o conftest2.o >&5
configure:4107: $? = 0
configure:4159: result: yes
configure:4185: checking for an ANSI C-conforming const
configure:4260: cc -c -g -O2  conftest.c >&5
configure:4266: $? = 0
configure:4281: result: yes
configure:4312: finding Fortran compiler (will not be used if Fortran API is not desired)
configure:4645: checking for xlf90
configure:4675: result: no
configure:4645: checking for fort
configure:4675: result: no
configure:4645: checking for xlf95
configure:4675: result: no
configure:4645: checking for ifort
configure:4661: found /opt/intelf/composerxe-2011.4.191/bin/intel64/ifort
configure:4672: result: ifort
configure:4702: checking for Fortran compiler version
configure:4709: ifort --version >&5
ifort (IFORT) 12.0.4 20110427
Copyright (C) 1985-2011 Intel Corporation.  All rights reserved.

configure:4712: $? = 0
configure:4719: ifort -v >&5
Version 12.0.4
configure:4722: $? = 0
configure:4729: ifort -V >&5
Intel(R) Fortran Intel(R) 64 Compiler XE for applications running on Intel(R) 64, Version 12.0.4.191 Build 20110427
Copyright (C) 1985-2011 Intel Corporation.  All rights reserved.
FOR NON-COMMERCIAL USE ONLY

configure:4732: $? = 0
configure:4740: checking whether we are using the GNU Fortran compiler
configure:4759: ifort -c   conftest.F >&5
conftest.F(3): error #5082: Syntax error, found END-OF-STATEMENT when expecting one of: ( % [ : . = =>
       choke me
---------------^
conftest.F(3): error #6218: This statement is positioned incorrectly and/or has syntax errors.
       choke me
---------------^
compilation aborted for conftest.F (code 1)
configure:4765: $? = 1
configure: failed program was:
|       program main
| #ifndef __GNUC__
|        choke me
| #endif
| 
|       end
configure:4782: result: no
configure:4788: checking whether ifort accepts -g
configure:4805: ifort -c -g  conftest.f >&5
configure:4811: $? = 0
configure:4827: result: yes
configure:4920: checking for xlf
configure:4950: result: no
configure:4920: checking for fort
configure:4950: result: no
configure:4920: checking for xlf95
configure:4950: result: no
configure:4920: checking for ifort
configure:4936: found /opt/intelf/composerxe-2011.4.191/bin/intel64/ifort
configure:4947: result: ifort
configure:4977: checking for Fortran 77 compiler version
configure:4984: ifort --version >&5
ifort (IFORT) 12.0.4 20110427
Copyright (C) 1985-2011 Intel Corporation.  All rights reserved.

configure:4987: $? = 0
configure:4994: ifort -v >&5
Version 12.0.4
configure:4997: $? = 0
configure:5004: ifort -V >&5
Intel(R) Fortran Intel(R) 64 Compiler XE for applications running on Intel(R) 64, Version 12.0.4.191 Build 20110427
Copyright (C) 1985-2011 Intel Corporation.  All rights reserved.
FOR NON-COMMERCIAL USE ONLY

configure:5007: $? = 0
configure:5015: checking whether we are using the GNU Fortran 77 compiler
configure:5034: ifort -c  conftest.F >&5
conftest.F(3): error #5082: Syntax error, found END-OF-STATEMENT when expecting one of: ( % [ : . = =>
       choke me
---------------^
conftest.F(3): error #6218: This statement is positioned incorrectly and/or has syntax errors.
       choke me
---------------^
compilation aborted for conftest.F (code 1)
configure:5040: $? = 1
configure: failed program was:
|       program main
| #ifndef __GNUC__
|        choke me
| #endif
| 
|       end
configure:5057: result: no
configure:5063: checking whether ifort accepts -g
configure:5080: ifort -c -g conftest.f >&5
configure:5086: $? = 0
configure:5102: result: yes
configure:5395: finding C++ compiler (will not be used if C++ API is not desired)
configure:5462: checking for cl
configure:5492: result: no
configure:5462: checking for KCC
configure:5492: result: no
configure:5462: checking for CC
configure:5492: result: no
configure:5462: checking for cxx
configure:5492: result: no
configure:5462: checking for cc++
configure:5492: result: no
configure:5462: checking for xlC
configure:5492: result: no
configure:5462: checking for aCC
configure:5492: result: no
configure:5462: checking for c++
configure:5478: found /usr/bin/c++
configure:5489: result: c++
configure:5520: checking for C++ compiler version
configure:5527: c++ --version >&5
c++ (Ubuntu 4.4.3-4ubuntu5) 4.4.3
Copyright (C) 2009 Free Software Foundation, Inc.
This is free software; see the source for copying conditions.  There is NO
warranty; not even for MERCHANTABILITY or FITNESS FOR A PARTICULAR PURPOSE.

configure:5530: $? = 0
configure:5537: c++ -v >&5
Using built-in specs.
Target: x86_64-linux-gnu
Configured with: ../src/configure -v --with-pkgversion='Ubuntu 4.4.3-4ubuntu5' --with-bugurl=file:///usr/share/doc/gcc-4.4/README.Bugs --enable-languages=c,c++,fortran,objc,obj-c++ --prefix=/usr --enable-shared --enable-multiarch --enable-linker-build-id --with-system-zlib --libexecdir=/usr/lib --without-included-gettext --enable-threads=posix --with-gxx-include-dir=/usr/include/c++/4.4 --program-suffix=-4.4 --enable-nls --enable-clocale=gnu --enable-libstdcxx-debug --enable-plugin --enable-objc-gc --disable-werror --with-arch-32=i486 --with-tune=generic --enable-checking=release --build=x86_64-linux-gnu --host=x86_64-linux-gnu --target=x86_64-linux-gnu
Thread model: posix
gcc version 4.4.3 (Ubuntu 4.4.3-4ubuntu5) 
configure:5540: $? = 0
configure:5547: c++ -V >&5
c++: '-V' option must have argument
configure:5550: $? = 1
configure:5553: checking whether we are using the GNU C++ compiler
configure:5582: c++ -c   conftest.cpp >&5
configure:5588: $? = 0
configure:5605: result: yes
configure:5610: checking whether c++ accepts -g
configure:5640: c++ -c -g  conftest.cpp >&5
configure:5646: $? = 0
configure:5745: result: yes
configure:5770: checking dependency style of c++
configure:5860: result: gcc3
configure:6366: checking for a sed that does not truncate output
configure:6445: result: /bin/sed
configure:6463: checking for grep that handles long lines and -e
configure:6537: result: /bin/grep
configure:6542: checking for egrep
configure:6620: result: /bin/grep -E
configure:6625: checking for fgrep
configure:6703: result: /bin/grep -F
configure:6738: checking for ld used by cc
configure:6805: result: /usr/bin/ld
configure:6814: checking if the linker (/usr/bin/ld) is GNU ld
configure:6829: result: yes
configure:6842: checking for BSD- or MS-compatible name lister (nm)
configure:6891: result: /usr/bin/nm -B
configure:7013: checking the name lister (/usr/bin/nm -B) interface
configure:7020: cc -c -g -O2  conftest.c >&5
configure:7023: /usr/bin/nm -B "conftest.o"
configure:7026: output
0000000000000000 B some_variable
configure:7033: result: BSD nm
configure:7036: checking whether ln -s works
configure:7040: result: yes
configure:7048: checking the maximum length of command line arguments
configure:7162: result: 32768
configure:7180: checking whether the shell understands some XSI constructs
configure:7188: result: yes
configure:7192: checking whether the shell understands "+="
configure:7198: result: yes
configure:7233: checking for /usr/bin/ld option to reload object files
configure:7240: result: -r
configure:7267: checking how to recognise dependent libraries
configure:7451: result: pass_all
configure:7511: checking for ar
configure:7527: found /usr/bin/ar
configure:7538: result: ar
configure:7620: checking for strip
configure:7636: found /usr/bin/strip
configure:7647: result: strip
configure:7723: checking for ranlib
configure:7739: found /usr/bin/ranlib
configure:7750: result: ranlib
configure:7844: checking command to parse /usr/bin/nm -B output from cc object
configure:7960: cc -c -g -O2  conftest.c >&5
configure:7963: $? = 0
configure:7967: /usr/bin/nm -B conftest.o \| sed -n -e 's/^.*[ 	]\([ABCDGIRSTW][ABCDGIRSTW]*\)[ 	][ 	]*\([_A-Za-z][_A-Za-z0-9]*\)$/\1 \2 \2/p' \> conftest.nm
configure:7970: $? = 0
configure:8024: cc -o conftest -g -O2   conftest.c conftstm.o >&5
configure:8027: $? = 0
configure:8065: result: ok
configure:8154: cc -c -g -O2  conftest.c >&5
configure:8157: $? = 0
configure:8297: checking how to run the C preprocessor
configure:8337: cc -E  conftest.c
configure:8343: $? = 0
configure:8374: cc -E  conftest.c
conftest.c:13:28: error: ac_nonexistent.h: No such file or directory
configure:8380: $? = 1
configure: failed program was:
| /* confdefs.h.  */
| #define PACKAGE_NAME "netCDF"
| #define PACKAGE_TARNAME "netcdf"
| #define PACKAGE_VERSION "3.6.2"
| #define PACKAGE_STRING "netCDF 3.6.2"
| #define PACKAGE_BUGREPORT "support@unidata.ucar.edu"
| #define PACKAGE "netcdf"
| #define VERSION "3.6.2"
| #define NO_NETCDF_2 1
| #define USE_EXTREME_NUMBERS 1
| #define TEMP_LARGE $TEMP_LARGE
| /* end confdefs.h.  */
| #include <ac_nonexistent.h>
configure:8413: result: cc -E
configure:8442: cc -E  conftest.c
configure:8448: $? = 0
configure:8479: cc -E  conftest.c
conftest.c:13:28: error: ac_nonexistent.h: No such file or directory
configure:8485: $? = 1
configure: failed program was:
| /* confdefs.h.  */
| #define PACKAGE_NAME "netCDF"
| #define PACKAGE_TARNAME "netcdf"
| #define PACKAGE_VERSION "3.6.2"
| #define PACKAGE_STRING "netCDF 3.6.2"
| #define PACKAGE_BUGREPORT "support@unidata.ucar.edu"
| #define PACKAGE "netcdf"
| #define VERSION "3.6.2"
| #define NO_NETCDF_2 1
| #define USE_EXTREME_NUMBERS 1
| #define TEMP_LARGE $TEMP_LARGE
| /* end confdefs.h.  */
| #include <ac_nonexistent.h>
configure:8523: checking for ANSI C header files
configure:8553: cc -c -g -O2  conftest.c >&5
configure:8559: $? = 0
configure:8658: cc -o conftest -g -O2   conftest.c  >&5
configure:8661: $? = 0
configure:8667: ./conftest
configure:8670: $? = 0
configure:8687: result: yes
configure:8711: checking for sys/types.h
configure:8732: cc -c -g -O2  conftest.c >&5
configure:8738: $? = 0
configure:8754: result: yes
configure:8711: checking for sys/stat.h
configure:8732: cc -c -g -O2  conftest.c >&5
configure:8738: $? = 0
configure:8754: result: yes
configure:8711: checking for stdlib.h
configure:8732: cc -c -g -O2  conftest.c >&5
configure:8738: $? = 0
configure:8754: result: yes
configure:8711: checking for string.h
configure:8732: cc -c -g -O2  conftest.c >&5
configure:8738: $? = 0
configure:8754: result: yes
configure:8711: checking for memory.h
configure:8732: cc -c -g -O2  conftest.c >&5
configure:8738: $? = 0
configure:8754: result: yes
configure:8711: checking for strings.h
configure:8732: cc -c -g -O2  conftest.c >&5
configure:8738: $? = 0
configure:8754: result: yes
configure:8711: checking for inttypes.h
configure:8732: cc -c -g -O2  conftest.c >&5
configure:8738: $? = 0
configure:8754: result: yes
configure:8711: checking for stdint.h
configure:8732: cc -c -g -O2  conftest.c >&5
configure:8738: $? = 0
configure:8754: result: yes
configure:8711: checking for unistd.h
configure:8732: cc -c -g -O2  conftest.c >&5
configure:8738: $? = 0
configure:8754: result: yes
configure:8770: checking for dlfcn.h
configure:8791: cc -c -g -O2  conftest.c >&5
configure:8797: $? = 0
configure:8813: result: yes
configure:8942: checking for C++ compiler version
configure:8949: c++ --version >&5
c++ (Ubuntu 4.4.3-4ubuntu5) 4.4.3
Copyright (C) 2009 Free Software Foundation, Inc.
This is free software; see the source for copying conditions.  There is NO
warranty; not even for MERCHANTABILITY or FITNESS FOR A PARTICULAR PURPOSE.

configure:8952: $? = 0
configure:8959: c++ -v >&5
Using built-in specs.
Target: x86_64-linux-gnu
Configured with: ../src/configure -v --with-pkgversion='Ubuntu 4.4.3-4ubuntu5' --with-bugurl=file:///usr/share/doc/gcc-4.4/README.Bugs --enable-languages=c,c++,fortran,objc,obj-c++ --prefix=/usr --enable-shared --enable-multiarch --enable-linker-build-id --with-system-zlib --libexecdir=/usr/lib --without-included-gettext --enable-threads=posix --with-gxx-include-dir=/usr/include/c++/4.4 --program-suffix=-4.4 --enable-nls --enable-clocale=gnu --enable-libstdcxx-debug --enable-plugin --enable-objc-gc --disable-werror --with-arch-32=i486 --with-tune=generic --enable-checking=release --build=x86_64-linux-gnu --host=x86_64-linux-gnu --target=x86_64-linux-gnu
Thread model: posix
gcc version 4.4.3 (Ubuntu 4.4.3-4ubuntu5) 
configure:8962: $? = 0
configure:8969: c++ -V >&5
c++: '-V' option must have argument
configure:8972: $? = 1
configure:8975: checking whether we are using the GNU C++ compiler
configure:9027: result: yes
configure:9032: checking whether c++ accepts -g
configure:9167: result: yes
configure:9192: checking dependency style of c++
configure:9282: result: gcc3
configure:9307: checking how to run the C++ preprocessor
configure:9343: c++ -E  conftest.cpp
configure:9349: $? = 0
configure:9380: c++ -E  conftest.cpp
conftest.cpp:24:28: error: ac_nonexistent.h: No such file or directory
configure:9386: $? = 1
configure: failed program was:
| /* confdefs.h.  */
| #define PACKAGE_NAME "netCDF"
| #define PACKAGE_TARNAME "netcdf"
| #define PACKAGE_VERSION "3.6.2"
| #define PACKAGE_STRING "netCDF 3.6.2"
| #define PACKAGE_BUGREPORT "support@unidata.ucar.edu"
| #define PACKAGE "netcdf"
| #define VERSION "3.6.2"
| #define NO_NETCDF_2 1
| #define USE_EXTREME_NUMBERS 1
| #define TEMP_LARGE $TEMP_LARGE
| #define STDC_HEADERS 1
| #define HAVE_SYS_TYPES_H 1
| #define HAVE_SYS_STAT_H 1
| #define HAVE_STDLIB_H 1
| #define HAVE_STRING_H 1
| #define HAVE_MEMORY_H 1
| #define HAVE_STRINGS_H 1
| #define HAVE_INTTYPES_H 1
| #define HAVE_STDINT_H 1
| #define HAVE_UNISTD_H 1
| #define HAVE_DLFCN_H 1
| /* end confdefs.h.  */
| #include <ac_nonexistent.h>
configure:9419: result: c++ -E
configure:9448: c++ -E  conftest.cpp
configure:9454: $? = 0
configure:9485: c++ -E  conftest.cpp
conftest.cpp:24:28: error: ac_nonexistent.h: No such file or directory
configure:9491: $? = 1
configure: failed program was:
| /* confdefs.h.  */
| #define PACKAGE_NAME "netCDF"
| #define PACKAGE_TARNAME "netcdf"
| #define PACKAGE_VERSION "3.6.2"
| #define PACKAGE_STRING "netCDF 3.6.2"
| #define PACKAGE_BUGREPORT "support@unidata.ucar.edu"
| #define PACKAGE "netcdf"
| #define VERSION "3.6.2"
| #define NO_NETCDF_2 1
| #define USE_EXTREME_NUMBERS 1
| #define TEMP_LARGE $TEMP_LARGE
| #define STDC_HEADERS 1
| #define HAVE_SYS_TYPES_H 1
| #define HAVE_SYS_STAT_H 1
| #define HAVE_STDLIB_H 1
| #define HAVE_STRING_H 1
| #define HAVE_MEMORY_H 1
| #define HAVE_STRINGS_H 1
| #define HAVE_INTTYPES_H 1
| #define HAVE_STDINT_H 1
| #define HAVE_UNISTD_H 1
| #define HAVE_DLFCN_H 1
| /* end confdefs.h.  */
| #include <ac_nonexistent.h>
configure:9642: checking for Fortran 77 compiler version
configure:9649: ifort --version >&5
ifort (IFORT) 12.0.4 20110427
Copyright (C) 1985-2011 Intel Corporation.  All rights reserved.

configure:9652: $? = 0
configure:9659: ifort -v >&5
Version 12.0.4
configure:9662: $? = 0
configure:9669: ifort -V >&5
Intel(R) Fortran Intel(R) 64 Compiler XE for applications running on Intel(R) 64, Version 12.0.4.191 Build 20110427
Copyright (C) 1985-2011 Intel Corporation.  All rights reserved.
FOR NON-COMMERCIAL USE ONLY

configure:9672: $? = 0
configure:9680: checking whether we are using the GNU Fortran 77 compiler
configure:9722: result: no
configure:9728: checking whether ifort accepts -g
configure:9767: result: yes
configure:9910: checking for Fortran compiler version
configure:9917: ifort --version >&5
ifort (IFORT) 12.0.4 20110427
Copyright (C) 1985-2011 Intel Corporation.  All rights reserved.

configure:9920: $? = 0
configure:9927: ifort -v >&5
Version 12.0.4
configure:9930: $? = 0
configure:9937: ifort -V >&5
Intel(R) Fortran Intel(R) 64 Compiler XE for applications running on Intel(R) 64, Version 12.0.4.191 Build 20110427
Copyright (C) 1985-2011 Intel Corporation.  All rights reserved.
FOR NON-COMMERCIAL USE ONLY

configure:9940: $? = 0
configure:9948: checking whether we are using the GNU Fortran compiler
configure:9990: result: no
configure:9996: checking whether ifort accepts -g
configure:10035: result: yes
configure:10115: checking for objdir
configure:10130: result: .libs
configure:10422: checking if cc supports -fno-rtti -fno-exceptions
configure:10440: cc -c -g -O2  -fno-rtti -fno-exceptions conftest.c >&5
cc1: warning: command line option "-fno-rtti" is valid for C++/ObjC++ but not for C
configure:10444: $? = 0
configure:10457: result: no
configure:10477: checking for cc option to produce PIC
configure:10730: result: -fPIC -DPIC
configure:10742: checking if cc PIC flag -fPIC -DPIC works
configure:10760: cc -c -g -O2  -fPIC -DPIC -DPIC conftest.c >&5
configure:10764: $? = 0
configure:10777: result: yes
configure:10801: checking if cc static flag -static works
configure:10829: result: yes
configure:10844: checking if cc supports -c -o file.o
configure:10865: cc -c -g -O2  -o out/conftest2.o conftest.c >&5
configure:10869: $? = 0
configure:10891: result: yes
configure:10899: checking if cc supports -c -o file.o
configure:10946: result: yes
configure:10979: checking whether the cc linker (/usr/bin/ld -m elf_x86_64) supports shared libraries
configure:12050: result: yes
configure:12284: checking dynamic linker characteristics
configure:12895: result: GNU/Linux ld.so
configure:12990: checking how to hardcode library paths into programs
configure:13015: result: immediate
configure:13828: checking whether stripping libraries is possible
configure:13833: result: yes
configure:13868: checking if libtool supports shared libraries
configure:13870: result: yes
configure:13873: checking whether to build shared libraries
configure:13894: result: no
configure:13897: checking whether to build static libraries
configure:13901: result: yes
configure:14050: checking for ld used by c++
configure:14117: result: /usr/bin/ld -m elf_x86_64
configure:14126: checking if the linker (/usr/bin/ld -m elf_x86_64) is GNU ld
configure:14141: result: yes
configure:14196: checking whether the c++ linker (/usr/bin/ld -m elf_x86_64) supports shared libraries
configure:15185: result: yes
configure:15213: c++ -c -g -O2  conftest.cpp >&5
configure:15216: $? = 0
configure:15369: checking for c++ option to produce PIC
configure:15672: result: -fPIC -DPIC
configure:15681: checking if c++ PIC flag -fPIC -DPIC works
configure:15699: c++ -c -g -O2  -fPIC -DPIC -DPIC conftest.cpp >&5
configure:15703: $? = 0
configure:15716: result: yes
configure:15737: checking if c++ static flag -static works
configure:15765: result: yes
configure:15777: checking if c++ supports -c -o file.o
configure:15798: c++ -c -g -O2  -o out/conftest2.o conftest.cpp >&5
configure:15802: $? = 0
configure:15824: result: yes
configure:15829: checking if c++ supports -c -o file.o
configure:15876: result: yes
configure:15906: checking whether the c++ linker (/usr/bin/ld -m elf_x86_64) supports shared libraries
configure:15931: result: yes
configure:16066: checking dynamic linker characteristics
configure:16677: result: GNU/Linux ld.so
configure:16721: checking how to hardcode library paths into programs
configure:16746: result: immediate
configure:16879: checking if libtool supports shared libraries
configure:16881: result: yes
configure:16884: checking whether to build shared libraries
configure:16904: result: no
configure:16907: checking whether to build static libraries
configure:16911: result: yes
configure:16925: checking for ifort option to produce PIC
configure:17178: result: -fPIC
configure:17187: checking if ifort PIC flag -fPIC works
configure:17205: ifort -c -g -fPIC conftest.f >&5
configure:17209: $? = 0
configure:17222: result: yes
configure:17243: checking if ifort static flag -static works
configure:17271: result: yes
configure:17283: checking if ifort supports -c -o file.o
configure:17304: ifort -c -g -o out/conftest2.o conftest.f >&5
configure:17308: $? = 0
configure:17330: result: yes
configure:17335: checking if ifort supports -c -o file.o
configure:17382: result: yes
configure:17412: checking whether the ifort linker (/usr/bin/ld -m elf_x86_64) supports shared libraries
configure:18463: result: yes
configure:18598: checking dynamic linker characteristics
configure:19209: result: GNU/Linux ld.so
configure:19253: checking how to hardcode library paths into programs
configure:19278: result: immediate
configure:19403: checking if libtool supports shared libraries
configure:19405: result: yes
configure:19408: checking whether to build shared libraries
configure:19428: result: no
configure:19431: checking whether to build static libraries
configure:19435: result: yes
configure:19461: ifort -c -g  conftest.f >&5
configure:19464: $? = 0
configure:19573: checking for ifort option to produce PIC
configure:19826: result: -fPIC
configure:19835: checking if ifort PIC flag -fPIC works
configure:19853: ifort -c -g -fPIC  conftest.f >&5
configure:19857: $? = 0
configure:19870: result: yes
configure:19891: checking if ifort static flag -static works
configure:19919: result: yes
configure:19931: checking if ifort supports -c -o file.o
configure:19952: ifort -c -g -o out/conftest2.o  conftest.f >&5
configure:19956: $? = 0
configure:19978: result: yes
configure:19983: checking if ifort supports -c -o file.o
configure:20030: result: yes
configure:20060: checking whether the ifort linker (/usr/bin/ld -m elf_x86_64) supports shared libraries
configure:21111: result: yes
configure:21246: checking dynamic linker characteristics
configure:21857: result: GNU/Linux ld.so
configure:21901: checking how to hardcode library paths into programs
configure:21926: result: immediate
configure:21973: finding other utilities
configure:21989: checking for a BSD-compatible install
configure:22045: result: /usr/bin/install -c
configure:22103: trying to set flags for this platform
configure:22108: checking if _HPUX_SOURCE should be set
configure:22124: result: no
configure:22129: checking if Solaris -Xa option is needed
configure:22142: result: CFLAGS=-g -O2
configure:22168: checking if we need to set _LARGE_FILES despite results of previous tests
configure:22199: result: _LARGE_FILES=
configure:22209: checking for special C compiler options needed for large files
configure:22302: result: no
configure:22308: checking for _FILE_OFFSET_BITS value needed for large files
configure:22343: cc -c -g -O2  conftest.c >&5
configure:22349: $? = 0
configure:22417: result: no
configure:22553: displaying some results
configure:22559: checking CPPFLAGS
configure:22561: result: 
configure:22563: checking CC CFLAGS
configure:22565: result: cc -g -O2
configure:22568: checking type cc
configure:22570: result: cc is /usr/bin/cc
configure:22573: checking CXX
configure:22576: result: c++
configure:22578: checking CXXFLAGS
configure:22580: result: -g -O2
configure:22583: checking type c++
configure:22585: result: c++ is /usr/bin/c++
configure:22592: checking FC
configure:22595: result: ifort
configure:22597: checking FFLAGS
configure:22599: result: -g
configure:22602: checking type ifort
configure:22604: result: ifort is /opt/intelf/composerxe-2011.4.191/bin/intel64/ifort
configure:22611: checking F90
configure:22626: result: unset
configure:22630: checking AR
configure:22633: result: ar
configure:22635: checking ARFLAGS
configure:22637: result: 
configure:22640: checking type ar
configure:22642: result: ar is /usr/bin/ar
configure:22649: checking NM
configure:22652: result: /usr/bin/nm -B
configure:22654: checking NMFLAGS
configure:22656: result: 
configure:23782: checking types, headers, and functions
configure:23786: checking for stdlib.h
configure:23791: result: yes
configure:23927: checking for sys/types.h
configure:23932: result: yes
configure:24074: checking for strlcat
configure:24130: cc -o conftest -g -O2   conftest.c  >&5
/tmp/ccn4PcvV.o: In function `main':
/usr/local/grib2/netcdf-3.6.2/conftest.c:59: undefined reference to `strlcat'
collect2: ld returned 1 exit status
configure:24136: $? = 1
configure: failed program was:
| /* confdefs.h.  */
| #define PACKAGE_NAME "netCDF"
| #define PACKAGE_TARNAME "netcdf"
| #define PACKAGE_VERSION "3.6.2"
| #define PACKAGE_STRING "netCDF 3.6.2"
| #define PACKAGE_BUGREPORT "support@unidata.ucar.edu"
| #define PACKAGE "netcdf"
| #define VERSION "3.6.2"
| #define NO_NETCDF_2 1
| #define USE_EXTREME_NUMBERS 1
| #define TEMP_LARGE $TEMP_LARGE
| #define STDC_HEADERS 1
| #define HAVE_SYS_TYPES_H 1
| #define HAVE_SYS_STAT_H 1
| #define HAVE_STDLIB_H 1
| #define HAVE_STRING_H 1
| #define HAVE_MEMORY_H 1
| #define HAVE_STRINGS_H 1
| #define HAVE_INTTYPES_H 1
| #define HAVE_STDINT_H 1
| #define HAVE_UNISTD_H 1
| #define HAVE_DLFCN_H 1
| #define LT_OBJDIR ".libs/"
| /* end confdefs.h.  */
| /* Define strlcat to an innocuous variant, in case <limits.h> declares strlcat.
|    For example, HP-UX 11i <limits.h> declares gettimeofday.  */
| #define strlcat innocuous_strlcat
| 
| /* System header to define __stub macros and hopefully few prototypes,
|     which can conflict with char strlcat (); below.
|     Prefer <limits.h> to <assert.h> if __STDC__ is defined, since
|     <limits.h> exists even on freestanding compilers.  */
| 
| #ifdef __STDC__
| # include <limits.h>
| #else
| # include <assert.h>
| #endif
| 
| #undef strlcat
| 
| /* Override any GCC internal prototype to avoid an error.
|    Use char because int might match the return type of a GCC
|    builtin and then its argument prototype would still apply.  */
| #ifdef __cplusplus
| extern "C"
| #endif
| char strlcat ();
| /* The GNU C library defines this for functions which it implements
|     to always fail with ENOSYS.  Some functions are actually named
|     something starting with __ and the normal name is an alias.  */
| #if defined __stub_strlcat || defined __stub___strlcat
| choke me
| #endif
| 
| int
| main ()
| {
| return strlcat ();
|   ;
|   return 0;
| }
configure:24154: result: no
configure:24074: checking for strerror
configure:24130: cc -o conftest -g -O2   conftest.c  >&5
configure:24136: $? = 0
configure:24154: result: yes
configure:24166: checking for working alloca.h
configure:24193: cc -o conftest -g -O2   conftest.c  >&5
configure:24199: $? = 0
configure:24216: result: yes
configure:24226: checking for alloca
configure:24273: cc -o conftest -g -O2   conftest.c  >&5
configure:24279: $? = 0
configure:24296: result: yes
configure:24525: checking for struct stat.st_blksize
configure:24553: cc -c -g -O2  conftest.c >&5
configure:24559: $? = 0
configure:24616: result: yes
configure:24633: checking for IEEE floating point format
configure:24681: cc -o conftest -g -O2   conftest.c  >&5
configure:24684: $? = 0
configure:24690: ./conftest
configure:24693: $? = 0
configure:24708: result: yes
configure:24718: checking for size_t
configure:24748: cc -c -g -O2  conftest.c >&5
configure:24754: $? = 0
configure:24769: result: yes
configure:24781: checking for off_t
configure:24811: cc -c -g -O2  conftest.c >&5
configure:24817: $? = 0
configure:24832: result: yes
configure:24844: checking for ssize_t
configure:24874: cc -c -g -O2  conftest.c >&5
configure:24880: $? = 0
configure:24895: result: yes
configure:24905: checking for ptrdiff_t
configure:24935: cc -c -g -O2  conftest.c >&5
configure:24941: $? = 0
configure:24956: result: yes
configure:24966: checking for uchar
configure:24996: cc -c -g -O2  conftest.c >&5
conftest.c:65: error: expected '=', ',', ';', 'asm' or '__attribute__' before 'ac__type_new_'
conftest.c: In function 'main':
conftest.c:69: error: 'ac__type_new_' undeclared (first use in this function)
conftest.c:69: error: (Each undeclared identifier is reported only once
conftest.c:69: error: for each function it appears in.)
conftest.c:69: error: expected expression before ')' token
configure:25002: $? = 1
configure: failed program was:
| /* confdefs.h.  */
| #define PACKAGE_NAME "netCDF"
| #define PACKAGE_TARNAME "netcdf"
| #define PACKAGE_VERSION "3.6.2"
| #define PACKAGE_STRING "netCDF 3.6.2"
| #define PACKAGE_BUGREPORT "support@unidata.ucar.edu"
| #define PACKAGE "netcdf"
| #define VERSION "3.6.2"
| #define NO_NETCDF_2 1
| #define USE_EXTREME_NUMBERS 1
| #define TEMP_LARGE $TEMP_LARGE
| #define STDC_HEADERS 1
| #define HAVE_SYS_TYPES_H 1
| #define HAVE_SYS_STAT_H 1
| #define HAVE_STDLIB_H 1
| #define HAVE_STRING_H 1
| #define HAVE_MEMORY_H 1
| #define HAVE_STRINGS_H 1
| #define HAVE_INTTYPES_H 1
| #define HAVE_STDINT_H 1
| #define HAVE_UNISTD_H 1
| #define HAVE_DLFCN_H 1
| #define LT_OBJDIR ".libs/"
| #define HAVE_STRERROR 1
| #define HAVE_ALLOCA_H 1
| #define HAVE_ALLOCA 1
| #define HAVE_STRUCT_STAT_ST_BLKSIZE 1
| #define HAVE_ST_BLKSIZE 1
| #define HAVE_SSIZE_T 1
| #define HAVE_PTRDIFF_T 1
| /* end confdefs.h.  */
| #include <stdio.h>
| #ifdef HAVE_SYS_TYPES_H
| # include <sys/types.h>
| #endif
| #ifdef HAVE_SYS_STAT_H
| # include <sys/stat.h>
| #endif
| #ifdef STDC_HEADERS
| # include <stdlib.h>
| # include <stddef.h>
| #else
| # ifdef HAVE_STDLIB_H
| #  include <stdlib.h>
| # endif
| #endif
| #ifdef HAVE_STRING_H
| # if !defined STDC_HEADERS && defined HAVE_MEMORY_H
| #  include <memory.h>
| # endif
| # include <string.h>
| #endif
| #ifdef HAVE_STRINGS_H
| # include <strings.h>
| #endif
| #ifdef HAVE_INTTYPES_H
| # include <inttypes.h>
| #endif
| #ifdef HAVE_STDINT_H
| # include <stdint.h>
| #endif
| #ifdef HAVE_UNISTD_H
| # include <unistd.h>
| #endif
| typedef uchar ac__type_new_;
| int
| main ()
| {
| if ((ac__type_new_ *) 0)
|   return 0;
| if (sizeof (ac__type_new_))
|   return 0;
|   ;
|   return 0;
| }
configure:25017: result: no
configure:25032: checking whether char is unsigned
configure:25060: cc -c -g -O2  conftest.c >&5
configure:25066: $? = 0
configure:25081: result: no
configure:25090: checking whether byte ordering is bigendian
configure:25123: cc -c -g -O2  conftest.c >&5
configure:25129: $? = 0
configure:25161: cc -c -g -O2  conftest.c >&5
conftest.c: In function 'main':
conftest.c:39: error: 'not' undeclared (first use in this function)
conftest.c:39: error: (Each undeclared identifier is reported only once
conftest.c:39: error: for each function it appears in.)
conftest.c:39: error: expected ';' before 'big'
configure:25167: $? = 1
configure: failed program was:
| /* confdefs.h.  */
| #define PACKAGE_NAME "netCDF"
| #define PACKAGE_TARNAME "netcdf"
| #define PACKAGE_VERSION "3.6.2"
| #define PACKAGE_STRING "netCDF 3.6.2"
| #define PACKAGE_BUGREPORT "support@unidata.ucar.edu"
| #define PACKAGE "netcdf"
| #define VERSION "3.6.2"
| #define NO_NETCDF_2 1
| #define USE_EXTREME_NUMBERS 1
| #define TEMP_LARGE $TEMP_LARGE
| #define STDC_HEADERS 1
| #define HAVE_SYS_TYPES_H 1
| #define HAVE_SYS_STAT_H 1
| #define HAVE_STDLIB_H 1
| #define HAVE_STRING_H 1
| #define HAVE_MEMORY_H 1
| #define HAVE_STRINGS_H 1
| #define HAVE_INTTYPES_H 1
| #define HAVE_STDINT_H 1
| #define HAVE_UNISTD_H 1
| #define HAVE_DLFCN_H 1
| #define LT_OBJDIR ".libs/"
| #define HAVE_STRERROR 1
| #define HAVE_ALLOCA_H 1
| #define HAVE_ALLOCA 1
| #define HAVE_STRUCT_STAT_ST_BLKSIZE 1
| #define HAVE_ST_BLKSIZE 1
| #define HAVE_SSIZE_T 1
| #define HAVE_PTRDIFF_T 1
| /* end confdefs.h.  */
| #include <sys/types.h>
| #include <sys/param.h>
| 
| int
| main ()
| {
| #if BYTE_ORDER != BIG_ENDIAN
|  not big endian
| #endif
| 
|   ;
|   return 0;
| }
configure:25307: result: no
configure:25326: checking for short
configure:25356: cc -c -g -O2  conftest.c >&5
configure:25362: $? = 0
configure:25377: result: yes
configure:25384: checking size of short
configure:25686: cc -o conftest -g -O2   conftest.c  >&5
configure:25689: $? = 0
configure:25695: ./conftest
configure:25698: $? = 0
configure:25721: result: 2
configure:25731: checking for int
configure:25761: cc -c -g -O2  conftest.c >&5
configure:25767: $? = 0
configure:25782: result: yes
configure:25789: checking size of int
configure:26091: cc -o conftest -g -O2   conftest.c  >&5
configure:26094: $? = 0
configure:26100: ./conftest
configure:26103: $? = 0
configure:26126: result: 4
configure:26136: checking for long
configure:26166: cc -c -g -O2  conftest.c >&5
configure:26172: $? = 0
configure:26187: result: yes
configure:26194: checking size of long
configure:26496: cc -o conftest -g -O2   conftest.c  >&5
configure:26499: $? = 0
configure:26505: ./conftest
configure:26508: $? = 0
configure:26531: result: 8
configure:26541: checking for float
configure:26571: cc -c -g -O2  conftest.c >&5
configure:26577: $? = 0
configure:26592: result: yes
configure:26599: checking size of float
configure:26901: cc -o conftest -g -O2   conftest.c  >&5
configure:26904: $? = 0
configure:26910: ./conftest
configure:26913: $? = 0
configure:26936: result: 4
configure:26946: checking for double
configure:26976: cc -c -g -O2  conftest.c >&5
configure:26982: $? = 0
configure:26997: result: yes
configure:27004: checking size of double
configure:27306: cc -o conftest -g -O2   conftest.c  >&5
configure:27309: $? = 0
configure:27315: ./conftest
configure:27318: $? = 0
configure:27341: result: 8
configure:27351: checking for off_t
configure:27402: result: yes
configure:27409: checking size of off_t
configure:27711: cc -o conftest -g -O2   conftest.c  >&5
configure:27714: $? = 0
configure:27720: ./conftest
configure:27723: $? = 0
configure:27746: result: 8
configure:27756: checking for size_t
configure:27807: result: yes
configure:27814: checking size of size_t
configure:28116: cc -o conftest -g -O2   conftest.c  >&5
configure:28119: $? = 0
configure:28125: ./conftest
configure:28128: $? = 0
configure:28151: result: 8
configure:28250: checking for manual-page index command
configure:28252: result: 
configure:28255: checking binary distribution directory
configure:28263: result: /home/ftp/pub/binary/dummy_system
configure:28286: generating header files and makefiles
configure:28567: creating ./config.status

## ---------------------- ##
## Running config.status. ##
## ---------------------- ##

This file was extended by netCDF config.status 3.6.2, which was
generated by GNU Autoconf 2.61.  Invocation command line was

  CONFIG_FILES    = 
  CONFIG_HEADERS  = 
  CONFIG_LINKS    = 
  CONFIG_COMMANDS = 
  $ ./config.status 

on maria

config.status:1071: creating Makefile
config.status:1071: creating man/Makefile
config.status:1071: creating fortran/Makefile
config.status:1071: creating libsrc/Makefile
config.status:1071: creating nctest/Makefile
config.status:1071: creating nc_test/Makefile
config.status:1071: creating ncdump/Makefile
config.status:1071: creating ncgen/Makefile
config.status:1071: creating nf_test/Makefile
config.status:1071: creating cxx/Makefile
config.status:1071: creating f90/Makefile
config.status:1071: creating examples/Makefile
config.status:1071: creating examples/C/Makefile
config.status:1071: creating examples/CDL/Makefile
config.status:1071: creating examples/CXX/Makefile
config.status:1071: creating examples/F90/Makefile
config.status:1071: creating examples/F77/Makefile
config.status:1071: creating config.h
config.status:1071: creating fortran/nfconfig1.inc
config.status:1356: executing depfiles commands
config.status:1356: executing libtool commands

## ---------------- ##
## Cache variables. ##
## ---------------- ##

ac_cv_build=x86_64-unknown-linux-gnu
ac_cv_c_bigendian=no
ac_cv_c_char_unsigned=no
ac_cv_c_compiler_gnu=yes
ac_cv_c_const=yes
ac_cv_c_ieeefloat=yes
ac_cv_cxx_compiler_gnu=yes
ac_cv_env_CCC_set=
ac_cv_env_CCC_value=
ac_cv_env_CC_set=
ac_cv_env_CC_value=
ac_cv_env_CFLAGS_set=
ac_cv_env_CFLAGS_value=
ac_cv_env_CPPFLAGS_set=
ac_cv_env_CPPFLAGS_value=
ac_cv_env_CPP_set=
ac_cv_env_CPP_value=
ac_cv_env_CXXCPP_set=
ac_cv_env_CXXCPP_value=
ac_cv_env_CXXFLAGS_set=
ac_cv_env_CXXFLAGS_value=
ac_cv_env_CXX_set=
ac_cv_env_CXX_value=
ac_cv_env_F77_set=
ac_cv_env_F77_value=
ac_cv_env_FCFLAGS_set=
ac_cv_env_FCFLAGS_value=
ac_cv_env_FC_set=
ac_cv_env_FC_value=
ac_cv_env_FFLAGS_set=
ac_cv_env_FFLAGS_value=
ac_cv_env_LDFLAGS_set=
ac_cv_env_LDFLAGS_value=
ac_cv_env_LIBS_set=
ac_cv_env_LIBS_value=
ac_cv_env_build_alias_set=
ac_cv_env_build_alias_value=
ac_cv_env_host_alias_set=
ac_cv_env_host_alias_value=
ac_cv_env_target_alias_set=
ac_cv_env_target_alias_value=
ac_cv_f77_compiler_gnu=no
ac_cv_fc_compiler_gnu=no
ac_cv_func_alloca_works=yes
ac_cv_func_strerror=yes
ac_cv_func_strlcat=no
ac_cv_header_dlfcn_h=yes
ac_cv_header_inttypes_h=yes
ac_cv_header_memory_h=yes
ac_cv_header_stdc=yes
ac_cv_header_stdint_h=yes
ac_cv_header_stdlib_h=yes
ac_cv_header_string_h=yes
ac_cv_header_strings_h=yes
ac_cv_header_sys_stat_h=yes
ac_cv_header_sys_types_h=yes
ac_cv_header_unistd_h=yes
ac_cv_host=x86_64-unknown-linux-gnu
ac_cv_member_struct_stat_st_blksize=yes
ac_cv_objext=o
ac_cv_path_EGREP='/bin/grep -E'
ac_cv_path_FGREP='/bin/grep -F'
ac_cv_path_GREP=/bin/grep
ac_cv_path_SED=/bin/sed
ac_cv_path_install='/usr/bin/install -c'
ac_cv_prog_AWK=gawk
ac_cv_prog_CPP='cc -E'
ac_cv_prog_CXXCPP='c++ -E'
ac_cv_prog_ac_ct_AR=ar
ac_cv_prog_ac_ct_CC=cc
ac_cv_prog_ac_ct_CXX=c++
ac_cv_prog_ac_ct_F77=ifort
ac_cv_prog_ac_ct_FC=ifort
ac_cv_prog_ac_ct_RANLIB=ranlib
ac_cv_prog_ac_ct_STRIP=strip
ac_cv_prog_cc_c89=
ac_cv_prog_cc_cc_c_o=yes
ac_cv_prog_cc_g=yes
ac_cv_prog_cxx_g=yes
ac_cv_prog_f77_g=yes
ac_cv_prog_f90_uppercase_mod=no
ac_cv_prog_fc_g=yes
ac_cv_prog_make_make_set=yes
ac_cv_sizeof_double=8
ac_cv_sizeof_float=4
ac_cv_sizeof_int=4
ac_cv_sizeof_long=8
ac_cv_sizeof_off_t=8
ac_cv_sizeof_short=2
ac_cv_sizeof_size_t=8
ac_cv_sys_file_offset_bits=no
ac_cv_sys_largefile_CC=no
ac_cv_type_double=yes
ac_cv_type_float=yes
ac_cv_type_int=yes
ac_cv_type_long=yes
ac_cv_type_off_t=yes
ac_cv_type_ptrdiff_t=yes
ac_cv_type_short=yes
ac_cv_type_size_t=yes
ac_cv_type_ssize_t=yes
ac_cv_type_uchar=no
ac_cv_working_alloca_h=yes
am_cv_CC_dependencies_compiler_type=gcc3
am_cv_CXX_dependencies_compiler_type=gcc3
lt_cv_deplibs_check_method=pass_all
lt_cv_file_magic_cmd='$MAGIC_CMD'
lt_cv_file_magic_test_file=
lt_cv_ld_reload_flag=-r
lt_cv_nm_interface='BSD nm'
lt_cv_objdir=.libs
lt_cv_path_LD=/usr/bin/ld
lt_cv_path_LDCXX='/usr/bin/ld -m elf_x86_64'
lt_cv_path_NM='/usr/bin/nm -B'
lt_cv_prog_compiler_c_o=yes
lt_cv_prog_compiler_c_o_CXX=yes
lt_cv_prog_compiler_c_o_F77=yes
lt_cv_prog_compiler_c_o_FC=yes
lt_cv_prog_compiler_rtti_exceptions=no
lt_cv_prog_gnu_ld=yes
lt_cv_prog_gnu_ldcxx=yes
lt_cv_sys_global_symbol_pipe='sed -n -e '\''s/^.*[ 	]\([ABCDGIRSTW][ABCDGIRSTW]*\)[ 	][ 	]*\([_A-Za-z][_A-Za-z0-9]*\)$/\1 \2 \2/p'\'''
lt_cv_sys_global_symbol_to_c_name_address='sed -n -e '\''s/^: \([^ ]*\) $/  {\"\1\", (void *) 0},/p'\'' -e '\''s/^[ABCDGIRSTW]* \([^ ]*\) \([^ ]*\)$/  {"\2", (void *) \&\2},/p'\'''
lt_cv_sys_global_symbol_to_cdecl='sed -n -e '\''s/^T .* \(.*\)$/extern int \1();/p'\'' -e '\''s/^[ABCDGIRSTW]* .* \(.*\)$/extern char \1;/p'\'''
lt_cv_sys_max_cmd_len=32768

## ----------------- ##
## Output variables. ##
## ----------------- ##

ACLOCAL='${SHELL} /usr/local/grib2/netcdf-3.6.2/missing --run aclocal-1.9'
ALLOCA=''
AMDEPBACKSLASH='\'
AMDEP_FALSE='#'
AMDEP_TRUE=''
AMTAR='${SHELL} /usr/local/grib2/netcdf-3.6.2/missing --run tar'
AR='ar'
AS='as'
AUTOCONF='${SHELL} /usr/local/grib2/netcdf-3.6.2/missing --run autoconf'
AUTOHEADER='${SHELL} /usr/local/grib2/netcdf-3.6.2/missing --run autoheader'
AUTOMAKE='${SHELL} /usr/local/grib2/netcdf-3.6.2/missing --run automake-1.9'
AWK='gawk'
BUILD_CXX_FALSE=''
BUILD_CXX_TRUE='#'
BUILD_C_FALSE='#'
BUILD_C_TRUE=''
BUILD_DLL_FALSE=''
BUILD_DLL_TRUE='#'
BUILD_EXAMPLES_FALSE=''
BUILD_EXAMPLES_TRUE='#'
BUILD_F77_FALSE=''
BUILD_F77_TRUE='#'
BUILD_F90_FALSE=''
BUILD_F90_TRUE='#'
BUILD_SEPARATE_FORTRAN_FALSE=''
BUILD_SEPARATE_FORTRAN_TRUE='#'
BUILD_SHARED_FALSE=''
BUILD_SHARED_TRUE='#'
BUILD_UTILITIES_FALSE=''
BUILD_UTILITIES_TRUE='#'
BUILD_V2_FALSE=''
BUILD_V2_TRUE='#'
CC='cc'
CCDEPMODE='depmode=gcc3'
CFLAGS='-g -O2'
CPP='cc -E'
CPPFLAGS=''
CXX='c++'
CXXCPP='c++ -E'
CXXDEPMODE='depmode=gcc3'
CXXFLAGS='-g -O2'
CYGPATH_W='echo'
DEFS='-DHAVE_CONFIG_H'
DEPDIR='.deps'
DLLTOOL='dlltool'
DUMPBIN=''
ECHO_C=''
ECHO_N='-n'
ECHO_T=''
EGREP='/bin/grep -E'
EXEEXT=''
F77='ifort'
FC='ifort'
FCFLAGS='-g'
FCFLAGS_f90=''
FFLAGS='-g'
FGREP='/bin/grep -F'
FTPBINDIR='/home/ftp/pub/binary/dummy_system'
GREP='/bin/grep'
INSTALL_DATA='${INSTALL} -m 644'
INSTALL_DOCS_FALSE=''
INSTALL_DOCS_TRUE='#'
INSTALL_PROGRAM='${INSTALL}'
INSTALL_SCRIPT='${INSTALL}'
INSTALL_STRIP_PROGRAM='${SHELL} $(install_sh) -c -s'
LARGE_FILE_TESTS_FALSE=''
LARGE_FILE_TESTS_TRUE='#'
LD='/usr/bin/ld -m elf_x86_64'
LDFLAGS=''
LIBOBJS=''
LIBS=''
LIBTOOL='$(SHELL) $(top_builddir)/libtool'
LN_S='ln -s'
LTLIBOBJS=''
MAKEINFO='${SHELL} /usr/local/grib2/netcdf-3.6.2/missing --run makeinfo'
MAKEWHATIS_CMD=''
MOD_FLAG=''
NETCDF_C_LIB=''
NM='/usr/bin/nm -B'
NMFLAGS=''
OBJDUMP='objdump'
OBJEXT='o'
PACKAGE='netcdf'
PACKAGE_BUGREPORT='support@unidata.ucar.edu'
PACKAGE_NAME='netCDF'
PACKAGE_STRING='netCDF 3.6.2'
PACKAGE_TARNAME='netcdf'
PACKAGE_VERSION='3.6.2'
PATH_SEPARATOR=':'
RANLIB='ranlib'
SED='/bin/sed'
SET_MAKE=''
SHAREEXT_DYLIB_FALSE=''
SHAREEXT_DYLIB_TRUE='#'
SHAREEXT_SL_FALSE=''
SHAREEXT_SL_TRUE='#'
SHELL='/bin/bash'
STRIP='strip'
TEST_F77_FALSE=''
TEST_F77_TRUE='#'
TEST_PARALLEL_FALSE=''
TEST_PARALLEL_TRUE='#'
UPPER_CASE_MOD_FALSE=''
UPPER_CASE_MOD_TRUE='#'
USE_FFIO_FALSE=''
USE_FFIO_TRUE='#'
USE_HDF5_DIR_FALSE=''
USE_HDF5_DIR_TRUE='#'
USE_NETCDF4_FALSE=''
USE_NETCDF4_TRUE='#'
USE_NETCDF_C_LIB_DIR_FALSE=''
USE_NETCDF_C_LIB_DIR_TRUE='#'
VERSION='3.6.2'
WHATIS='whatis'
ac_ct_CC='cc'
ac_ct_CXX='c++'
ac_ct_DUMPBIN=''
ac_ct_F77='ifort'
ac_ct_FC='ifort'
am__fastdepCC_FALSE='#'
am__fastdepCC_TRUE=''
am__fastdepCXX_FALSE='#'
am__fastdepCXX_TRUE=''
am__include='include'
am__leading_dot='.'
am__quote=''
am__tar='${AMTAR} chof - "$$tardir"'
am__untar='${AMTAR} xf -'
bindir='${exec_prefix}/bin'
build='x86_64-unknown-linux-gnu'
build_alias=''
build_cpu='x86_64'
build_os='linux-gnu'
build_vendor='unknown'
datadir='${datarootdir}'
datarootdir='${prefix}/share'
docdir='${datarootdir}/doc/${PACKAGE_TARNAME}'
dvidir='${docdir}'
exec_prefix='${prefix}'
host='x86_64-unknown-linux-gnu'
host_alias=''
host_cpu='x86_64'
host_os='linux-gnu'
host_vendor='unknown'
htmldir='${docdir}'
includedir='${prefix}/include'
infodir='${datarootdir}/info'
install_sh='/usr/local/grib2/netcdf-3.6.2/install-sh'
libdir='${exec_prefix}/lib'
libexecdir='${exec_prefix}/libexec'
localedir='${datarootdir}/locale'
localstatedir='${prefix}/var'
lt_ECHO='echo'
mandir='${datarootdir}/man'
mkdir_p='mkdir -p --'
oldincludedir='/usr/include'
pdfdir='${docdir}'
prefix='/usr/local'
prog=''
program_transform_name='s,x,x,'
psdir='${docdir}'
sbindir='${exec_prefix}/sbin'
sharedstatedir='${prefix}/com'
sysconfdir='${prefix}/etc'
target_alias=''

## ----------- ##
## confdefs.h. ##
## ----------- ##

#define PACKAGE_NAME "netCDF"
#define PACKAGE_TARNAME "netcdf"
#define PACKAGE_VERSION "3.6.2"
#define PACKAGE_STRING "netCDF 3.6.2"
#define PACKAGE_BUGREPORT "support@unidata.ucar.edu"
#define PACKAGE "netcdf"
#define VERSION "3.6.2"
#define NO_NETCDF_2 1
#define USE_EXTREME_NUMBERS 1
#define TEMP_LARGE $TEMP_LARGE
#define STDC_HEADERS 1
#define HAVE_SYS_TYPES_H 1
#define HAVE_SYS_STAT_H 1
#define HAVE_STDLIB_H 1
#define HAVE_STRING_H 1
#define HAVE_MEMORY_H 1
#define HAVE_STRINGS_H 1
#define HAVE_INTTYPES_H 1
#define HAVE_STDINT_H 1
#define HAVE_UNISTD_H 1
#define HAVE_DLFCN_H 1
#define LT_OBJDIR ".libs/"
#define HAVE_STRERROR 1
#define HAVE_ALLOCA_H 1
#define HAVE_ALLOCA 1
#define HAVE_STRUCT_STAT_ST_BLKSIZE 1
#define HAVE_ST_BLKSIZE 1
#define HAVE_SSIZE_T 1
#define HAVE_PTRDIFF_T 1
#define SIZEOF_SHORT 2
#define SIZEOF_INT 4
#define SIZEOF_LONG 8
#define SIZEOF_FLOAT 4
#define SIZEOF_DOUBLE 8
#define SIZEOF_OFF_T 8
#define SIZEOF_SIZE_T 8

configure: exit 0
